\BOOKMARK [0][-]{section*.2}{\376\377\000A\000b\000b\000i\000l\000d\000u\000n\000g\000s\000v\000e\000r\000z\000e\000i\000c\000h\000n\000i\000s}{}% 1
\BOOKMARK [0][-]{section*.4}{\376\377\000T\000a\000b\000e\000l\000l\000e\000n\000v\000e\000r\000z\000e\000i\000c\000h\000n\000i\000s}{}% 2
\BOOKMARK [0][-]{chapter.1}{\376\377\000A\000u\000f\000n\000a\000h\000m\000e\000\040\000u\000n\000d\000\040\000A\000n\000a\000l\000y\000s\000e\000\040\000e\000i\000n\000e\000s\000\040\000G\000r\000a\000u\000w\000e\000r\000t\000k\000e\000i\000l\000e\000s}{}% 3
\BOOKMARK [1][-]{section.1.1}{\376\377\000F\000r\000a\000g\000e\000s\000t\000e\000l\000l\000u\000n\000g\000,\000\040\000M\000e\000s\000s\000p\000r\000i\000n\000z\000i\000p\000,\000\040\000A\000u\000f\000b\000a\000u\000,\000\040\000M\000e\000s\000s\000m\000i\000t\000t\000e\000l}{chapter.1}% 4
\BOOKMARK [1][-]{section.1.2}{\376\377\000M\000e\000s\000s\000w\000e\000r\000t\000e}{chapter.1}% 5
\BOOKMARK [1][-]{section.1.3}{\376\377\000A\000u\000s\000w\000e\000r\000t\000u\000n\000g}{chapter.1}% 6
\BOOKMARK [1][-]{section.1.4}{\376\377\000I\000n\000t\000e\000r\000p\000r\000e\000t\000a\000t\000i\000o\000n}{chapter.1}% 7
\BOOKMARK [0][-]{chapter.2}{\376\377\000A\000u\000f\000n\000a\000h\000m\000e\000\040\000e\000i\000n\000e\000s\000\040\000D\000u\000n\000k\000e\000l\000b\000i\000l\000d\000e\000s}{}% 8
\BOOKMARK [1][-]{section.2.1}{\376\377\000F\000r\000a\000g\000e\000s\000t\000e\000l\000l\000u\000n\000g\000,\000\040\000M\000e\000s\000s\000p\000r\000i\000n\000z\000i\000p\000,\000\040\000A\000u\000f\000b\000a\000u\000,\000\040\000M\000e\000s\000s\000m\000i\000t\000t\000e\000l}{chapter.2}% 9
\BOOKMARK [1][-]{section.2.2}{\376\377\000M\000e\000s\000s\000w\000e\000r\000t\000e}{chapter.2}% 10
\BOOKMARK [1][-]{section.2.3}{\376\377\000A\000u\000s\000w\000e\000r\000t\000u\000n\000g}{chapter.2}% 11
\BOOKMARK [1][-]{section.2.4}{\376\377\000I\000n\000t\000e\000r\000p\000r\000e\000t\000a\000t\000i\000o\000n}{chapter.2}% 12
\BOOKMARK [0][-]{chapter.3}{\376\377\000A\000u\000f\000n\000a\000h\000m\000e\000\040\000e\000i\000n\000e\000s\000\040\000W\000e\000i\000\337\000b\000i\000l\000d\000e\000s}{}% 13
\BOOKMARK [1][-]{section.3.1}{\376\377\000F\000r\000a\000g\000e\000s\000t\000e\000l\000l\000u\000n\000g\000,\000\040\000M\000e\000s\000s\000p\000r\000i\000n\000z\000i\000p\000,\000\040\000A\000u\000f\000b\000a\000u\000,\000\040\000M\000e\000s\000s\000m\000i\000t\000t\000e\000l}{chapter.3}% 14
\BOOKMARK [1][-]{section.3.2}{\376\377\000M\000e\000s\000s\000w\000e\000r\000t\000e}{chapter.3}% 15
\BOOKMARK [1][-]{section.3.3}{\376\377\000A\000u\000s\000w\000e\000r\000t\000u\000n\000g}{chapter.3}% 16
\BOOKMARK [1][-]{section.3.4}{\376\377\000I\000n\000t\000e\000r\000p\000r\000e\000t\000a\000t\000i\000o\000n}{chapter.3}% 17
\BOOKMARK [0][-]{chapter.4}{\376\377\000P\000i\000x\000e\000l\000f\000e\000h\000l\000e\000r}{}% 18
\BOOKMARK [1][-]{section.4.1}{\376\377\000F\000r\000a\000g\000e\000s\000t\000e\000l\000l\000u\000n\000g\000,\000\040\000M\000e\000s\000s\000p\000r\000i\000n\000z\000i\000p\000,\000\040\000A\000u\000f\000b\000a\000u\000,\000\040\000M\000e\000s\000s\000m\000i\000t\000t\000e\000l}{chapter.4}% 19
\BOOKMARK [1][-]{section.4.2}{\376\377\000M\000e\000s\000s\000w\000e\000r\000t\000e}{chapter.4}% 20
\BOOKMARK [1][-]{section.4.3}{\376\377\000A\000u\000s\000w\000e\000r\000t\000u\000n\000g}{chapter.4}% 21
\BOOKMARK [1][-]{section.4.4}{\376\377\000I\000n\000t\000e\000r\000p\000r\000e\000t\000a\000t\000i\000o\000n}{chapter.4}% 22
\BOOKMARK [0][-]{chapter*.20}{\376\377\000A\000n\000h\000a\000n\000g}{}% 23
\BOOKMARK [1][-]{section.5.1}{\376\377\000Q\000u\000e\000l\000l\000c\000o\000d\000e}{chapter*.20}% 24
\BOOKMARK [2][-]{subsection.5.1.1}{\376\377\000Q\000u\000e\000l\000l\000c\000o\000d\000e\000\040\000B\000i\000l\000d\000\040\000a\000u\000f\000n\000e\000h\000m\000e\000n}{section.5.1}% 25
\BOOKMARK [2][-]{subsection.5.1.2}{\376\377\000Q\000u\000e\000l\000l\000c\000o\000d\000e\000\040\000f\000\374\000r\000\040\000B\000i\000l\000d\000u\000n\000t\000e\000r\000t\000e\000i\000l\000u\000n\000g\000\040\000u\000n\000d\000\040\000d\000e\000r\000\040\000B\000e\000r\000e\000c\000h\000n\000u\000n\000g\000\040\000v\000o\000n\000\040\000M\000i\000t\000t\000e\000l\000w\000e\000r\000t\000\040\000u\000n\000d\000\040\000S\000t\000a\000n\000d\000a\000r\000d\000a\000b\000w\000e\000i\000c\000h\000u\000n\000g}{section.5.1}% 26
\BOOKMARK [2][-]{subsection.5.1.3}{\376\377\000Q\000u\000e\000l\000l\000c\000o\000d\000e\000\040\000z\000u\000m\000\040\000E\000i\000n\000l\000e\000s\000e\000n\000,\000\040\000A\000u\000s\000l\000e\000s\000e\000n\000,\000\040\000K\000o\000r\000r\000i\000g\000i\000e\000r\000e\000n\000\040\000d\000e\000s\000\040\000E\000i\000n\000g\000a\000n\000g\000b\000i\000l\000d\000\040\000m\000i\000t\000h\000i\000l\000f\000e\000\040\000d\000e\000s\000\040\000W\000e\000i\000\337\000-\000u\000n\000d\000\040\000S\000c\000h\000w\000a\000r\000z\000b\000i\000l\000d\000e\000s}{section.5.1}% 27
